<?xml version="1.0" encoding="UTF-8"?>
<testng-results skipped="0" failed="0" ignored="0" total="1" passed="1">
  <reporter-output>
  </reporter-output>
  <suite name="Default suite" duration-ms="49" started-at="2020-05-25T12:44:38Z" finished-at="2020-05-25T12:44:38Z">
    <groups>
    </groups>
    <test name="Default test" duration-ms="49" started-at="2020-05-25T12:44:38Z" finished-at="2020-05-25T12:44:38Z">
      <class name="launchChrome.browser.LaunchChrome">
        <test-method status="PASS" signature="beforeSuite()[pri:0, instance:launchChrome.browser.LaunchChrome@78b729e6]" name="beforeSuite" is-config="true" duration-ms="39222" started-at="2020-05-25T12:43:59Z" finished-at="2020-05-25T12:44:38Z">
          <reporter-output>
          </reporter-output>
        </test-method> <!-- beforeSuite -->
        <test-method status="PASS" signature="beforeMethod(java.lang.reflect.Method)[pri:0, instance:launchChrome.browser.LaunchChrome@78b729e6]" name="beforeMethod" is-config="true" duration-ms="2" started-at="2020-05-25T12:44:38Z" finished-at="2020-05-25T12:44:38Z">
          <params>
            <param index="0">
              <value>
                <![CDATA[public void launchChrome.browser.LaunchChrome.browserLaunchWithExtension()]]>
              </value>
            </param>
          </params>
          <reporter-output>
          </reporter-output>
        </test-method> <!-- beforeMethod -->
        <test-method status="PASS" signature="browserLaunchWithExtension()[pri:0, instance:launchChrome.browser.LaunchChrome@78b729e6]" name="browserLaunchWithExtension" duration-ms="10" started-at="2020-05-25T12:44:38Z" finished-at="2020-05-25T12:44:38Z">
          <reporter-output>
          </reporter-output>
        </test-method> <!-- browserLaunchWithExtension -->
        <test-method status="PASS" signature="afterSuite()[pri:0, instance:launchChrome.browser.LaunchChrome@78b729e6]" name="afterSuite" is-config="true" duration-ms="1102" started-at="2020-05-25T12:44:38Z" finished-at="2020-05-25T12:44:39Z">
          <reporter-output>
          </reporter-output>
        </test-method> <!-- afterSuite -->
      </class> <!-- launchChrome.browser.LaunchChrome -->
    </test> <!-- Default test -->
  </suite> <!-- Default suite -->
</testng-results>
